<?xml version="1.0" encoding="UTF-8"?>
<robot generator="Robot 3.2.1 (Python 3.8.5 on win32)" generated="20201026 22:03:40.564" rpa="false">
<suite id="s1" name="Issue" source="C:\Users\chait\PycharmProjects\JiraTest\Tests\issue.robot">
<test id="s1-t1" name="Add Issues">
<kw name="Set Headers" library="REST">
<tags>
<tag>settings</tag>
</tags>
<doc>*Sets new request headers or updates the existing.*</doc>
<arguments>
<arg>{"Authorization":"Basic a2FkYXJsYS5wcmFkZWVwNEBnbWFpbC5jb206TXRINDhMUkgzaWZqSzJsZlpSa20xQkY4"}</arg>
</arguments>
<status status="PASS" starttime="20201026 22:03:43.823" endtime="20201026 22:03:43.824"></status>
</kw>
<kw name="Post" library="REST">
<tags>
<tag>http</tag>
</tags>
<doc>*Sends a POST request to the endpoint.*</doc>
<arguments>
<arg>/rest/api/2/issue</arg>
<arg>{"fields":{"project":{"key":"MYP"},"summary":"Bug ","description":"Bug has been created. Test bug","issuetype":{"name":"Bug"}}}</arg>
</arguments>
<status status="PASS" starttime="20201026 22:03:43.825" endtime="20201026 22:03:45.171"></status>
</kw>
<kw name="Output" library="REST">
<tags>
<tag>I/O</tag>
</tags>
<doc>*Outputs JSON to terminal or a file.*</doc>
<arguments>
<arg>response body</arg>
<arg>./u.json</arg>
</arguments>
<status status="PASS" starttime="20201026 22:03:45.171" endtime="20201026 22:03:45.172"></status>
</kw>
<kw name="Output" library="REST">
<tags>
<tag>I/O</tag>
</tags>
<doc>*Outputs JSON to terminal or a file.*</doc>
<arguments>
<arg>response body id</arg>
</arguments>
<assign>
<var>${id}</var>
</assign>
<msg timestamp="20201026 22:03:45.173" level="INFO">
"10229"</msg>
<msg timestamp="20201026 22:03:45.317" level="INFO">${id} = 10229</msg>
<status status="PASS" starttime="20201026 22:03:45.172" endtime="20201026 22:03:45.317"></status>
</kw>
<kw name="Log To Console" library="BuiltIn">
<doc>Logs the given message to the console.</doc>
<arguments>
<arg>${id}</arg>
</arguments>
<status status="PASS" starttime="20201026 22:03:45.319" endtime="20201026 22:03:45.320"></status>
</kw>
<kw name="Get" library="REST">
<tags>
<tag>http</tag>
</tags>
<doc>*Sends a GET request to the endpoint.*</doc>
<arguments>
<arg>/rest/api/2/issue/${id}</arg>
</arguments>
<status status="PASS" starttime="20201026 22:03:45.321" endtime="20201026 22:03:45.988"></status>
</kw>
<kw name="Output" library="REST">
<tags>
<tag>I/O</tag>
</tags>
<doc>*Outputs JSON to terminal or a file.*</doc>
<arguments>
<arg>response body</arg>
<arg>./test.json</arg>
</arguments>
<status status="PASS" starttime="20201026 22:03:45.989" endtime="20201026 22:03:45.992"></status>
</kw>
<kw name="Delete" library="REST">
<tags>
<tag>http</tag>
</tags>
<doc>*Sends a DELETE request to the endpoint.*</doc>
<arguments>
<arg>/rest/api/2/issue/${id}</arg>
</arguments>
<status status="PASS" starttime="20201026 22:03:45.992" endtime="20201026 22:03:46.977"></status>
</kw>
<kw name="Object" library="REST">
<tags>
<tag>assertions</tag>
</tags>
<doc>*Asserts the field as JSON object.*</doc>
<arguments>
<arg>response</arg>
</arguments>
<status status="PASS" starttime="20201026 22:03:46.979" endtime="20201026 22:03:46.982"></status>
</kw>
<kw name="Integer" library="REST">
<tags>
<tag>assertions</tag>
</tags>
<doc>*Asserts the field as JSON integer.*</doc>
<arguments>
<arg>response status</arg>
<arg>204</arg>
</arguments>
<status status="PASS" starttime="20201026 22:03:46.983" endtime="20201026 22:03:46.985"></status>
</kw>
<kw name="Get" library="REST">
<tags>
<tag>http</tag>
</tags>
<doc>*Sends a GET request to the endpoint.*</doc>
<arguments>
<arg>/rest/api/2/issue/${id}</arg>
</arguments>
<status status="PASS" starttime="20201026 22:03:46.986" endtime="20201026 22:03:47.595"></status>
</kw>
<kw name="Output" library="REST">
<tags>
<tag>I/O</tag>
</tags>
<doc>*Outputs JSON to terminal or a file.*</doc>
<arguments>
<arg>response body</arg>
<arg>./tests.json</arg>
</arguments>
<status status="PASS" starttime="20201026 22:03:47.597" endtime="20201026 22:03:47.600"></status>
</kw>
<status status="PASS" starttime="20201026 22:03:43.821" endtime="20201026 22:03:47.602" critical="yes"></status>
</test>
<status status="PASS" starttime="20201026 22:03:40.567" endtime="20201026 22:03:47.605"></status>
</suite>
<statistics>
<total>
<stat pass="1" fail="0">Critical Tests</stat>
<stat pass="1" fail="0">All Tests</stat>
</total>
<tag>
</tag>
<suite>
<stat pass="1" fail="0" id="s1" name="Issue">Issue</stat>
</suite>
</statistics>
<errors>
</errors>
</robot>
