<?xml version="1.0" encoding="UTF-8"?>
<robot generator="Robot 3.2.2 (Python 3.8.5 on darwin)" generated="20201001 22:29:23.539" rpa="false">
<suite id="s1" name="TestFramework" source="/Users/chaithrashetty/PycharmProjects/JiraApiTest/Tests/TestFramework.robot">
<test id="s1-t1" name="Add Issues">
<kw name="Send Headers" library="Keyword">
<kw name="Set Headers" library="REST">
<tags>
<tag>settings</tag>
</tags>
<doc>*Sets new request headers or updates the existing.*</doc>
<arguments>
<arg>{"Authorization":"Basic a2FkYXJsYS5wcmFkZWVwNEBnbWFpbC5jb206TXRINDhMUkgzaWZqSzJsZlpSa20xQkY4"}</arg>
</arguments>
<status status="PASS" starttime="20201001 22:29:23.797" endtime="20201001 22:29:23.797"></status>
</kw>
<status status="PASS" starttime="20201001 22:29:23.796" endtime="20201001 22:29:23.797"></status>
</kw>
<kw name="Post request" library="Keyword">
<arguments>
<arg>/rest/api/2/issue</arg>
<arg>{"fields":{"project":{"key":"MYP"},"summary":"Bug ","description":"Bug has been created. Test bug","issuetype":{"name":"Bug"}}}</arg>
</arguments>
<kw name="Post" library="REST">
<tags>
<tag>http</tag>
</tags>
<doc>*Sends a POST request to the endpoint.*</doc>
<arguments>
<arg>${endpoint}</arg>
<arg>${body}</arg>
</arguments>
<assign>
<var>${response}</var>
</assign>
<msg timestamp="20201001 22:29:25.166" level="INFO">${response} = {'seconds': 0.279645, 'status': 201, 'body': {'id': '10214', 'key': 'MYP-215', 'self': 'https://juggernauttester.atlassian.net/rest/api/2/issue/10214'}, 'headers': {'Server': 'AtlassianProxy/1.15.8.1'...</msg>
<status status="PASS" starttime="20201001 22:29:23.798" endtime="20201001 22:29:25.166"></status>
</kw>
<status status="PASS" starttime="20201001 22:29:23.797" endtime="20201001 22:29:25.166"></status>
</kw>
<kw name="Post request with file" library="Keyword">
<arguments>
<arg>/rest/api/2/issue</arg>
<arg>Variables/inputbody.json</arg>
</arguments>
<kw name="Post" library="REST">
<tags>
<tag>http</tag>
</tags>
<doc>*Sends a POST request to the endpoint.*</doc>
<arguments>
<arg>${endpoint}</arg>
<arg>${filepath}</arg>
</arguments>
<assign>
<var>${response}</var>
</assign>
<msg timestamp="20201001 22:29:26.865" level="INFO">${response} = {'seconds': 0.690671, 'status': 201, 'body': {'id': '10215', 'key': 'MYP-216', 'self': 'https://juggernauttester.atlassian.net/rest/api/2/issue/10215'}, 'headers': {'Server': 'AtlassianProxy/1.15.8.1'...</msg>
<status status="PASS" starttime="20201001 22:29:25.167" endtime="20201001 22:29:26.865"></status>
</kw>
<status status="PASS" starttime="20201001 22:29:25.167" endtime="20201001 22:29:26.865"></status>
</kw>
<kw name="Output File" library="Keyword">
<arguments>
<arg>utest.json</arg>
</arguments>
<kw name="Output" library="REST">
<tags>
<tag>I/O</tag>
</tags>
<doc>*Outputs JSON to terminal or a file.*</doc>
<arguments>
<arg>response body</arg>
<arg>OutputResponse/${filename}</arg>
</arguments>
<status status="PASS" starttime="20201001 22:29:26.866" endtime="20201001 22:29:26.867"></status>
</kw>
<status status="PASS" starttime="20201001 22:29:26.865" endtime="20201001 22:29:26.867"></status>
</kw>
<kw name="Print Output field" library="Keyword">
<arguments>
<arg>id</arg>
</arguments>
<assign>
<var>${id}</var>
</assign>
<kw name="Output" library="REST">
<tags>
<tag>I/O</tag>
</tags>
<doc>*Outputs JSON to terminal or a file.*</doc>
<arguments>
<arg>response body ${fieldname}</arg>
</arguments>
<assign>
<var>${response}</var>
</assign>
<msg timestamp="20201001 22:29:26.868" level="INFO">
"10215"</msg>
<msg timestamp="20201001 22:29:26.878" level="INFO">${response} = 10215</msg>
<status status="PASS" starttime="20201001 22:29:26.868" endtime="20201001 22:29:26.878"></status>
</kw>
<msg timestamp="20201001 22:29:26.879" level="INFO">${id} = 10215</msg>
<status status="PASS" starttime="20201001 22:29:26.867" endtime="20201001 22:29:26.879"></status>
</kw>
<kw name="Log To Console" library="BuiltIn">
<doc>Logs the given message to the console.</doc>
<arguments>
<arg>${id}</arg>
</arguments>
<status status="PASS" starttime="20201001 22:29:26.879" endtime="20201001 22:29:26.879"></status>
</kw>
<kw name="Get Request" library="Keyword">
<arguments>
<arg>/rest/api/2/issue/${id}</arg>
</arguments>
<kw name="Get" library="REST">
<tags>
<tag>http</tag>
</tags>
<doc>*Sends a GET request to the endpoint.*</doc>
<arguments>
<arg>${endpoint}</arg>
</arguments>
<assign>
<var>${response}</var>
</assign>
<msg timestamp="20201001 22:29:27.521" level="INFO">${response} = {'seconds': 0.633312, 'status': 200, 'body': {'expand': 'renderedFields,names,schema,operations,editmeta,changelog,versionedRepresentations', 'id': '10215', 'self': 'https://juggernauttester.atlassian...</msg>
<status status="PASS" starttime="20201001 22:29:26.880" endtime="20201001 22:29:27.521"></status>
</kw>
<status status="PASS" starttime="20201001 22:29:26.879" endtime="20201001 22:29:27.521"></status>
</kw>
<kw name="Output File" library="Keyword">
<arguments>
<arg>tetst2.json</arg>
</arguments>
<kw name="Output" library="REST">
<tags>
<tag>I/O</tag>
</tags>
<doc>*Outputs JSON to terminal or a file.*</doc>
<arguments>
<arg>response body</arg>
<arg>OutputResponse/${filename}</arg>
</arguments>
<status status="PASS" starttime="20201001 22:29:27.522" endtime="20201001 22:29:27.525"></status>
</kw>
<status status="PASS" starttime="20201001 22:29:27.521" endtime="20201001 22:29:27.525"></status>
</kw>
<kw name="Log To Console" library="BuiltIn">
<doc>Logs the given message to the console.</doc>
<arguments>
<arg>${id}</arg>
</arguments>
<status status="PASS" starttime="20201001 22:29:27.526" endtime="20201001 22:29:27.526"></status>
</kw>
<kw name="Delete Request" library="Keyword">
<arguments>
<arg>/rest/api/2/issue/${id}</arg>
</arguments>
<kw name="Delete" library="REST">
<tags>
<tag>http</tag>
</tags>
<doc>*Sends a DELETE request to the endpoint.*</doc>
<arguments>
<arg>${endpoint}</arg>
</arguments>
<status status="PASS" starttime="20201001 22:29:27.528" endtime="20201001 22:29:28.761"></status>
</kw>
<status status="PASS" starttime="20201001 22:29:27.526" endtime="20201001 22:29:28.761"></status>
</kw>
<kw name="Verify Status Code" library="Keyword">
<arguments>
<arg>204</arg>
</arguments>
<kw name="Integer" library="REST">
<tags>
<tag>assertions</tag>
</tags>
<doc>*Asserts the field as JSON integer.*</doc>
<arguments>
<arg>response status</arg>
<arg>${code}</arg>
</arguments>
<status status="PASS" starttime="20201001 22:29:28.762" endtime="20201001 22:29:28.763"></status>
</kw>
<status status="PASS" starttime="20201001 22:29:28.762" endtime="20201001 22:29:28.763"></status>
</kw>
<status status="PASS" starttime="20201001 22:29:23.795" endtime="20201001 22:29:28.763" critical="yes"></status>
</test>
<status status="PASS" starttime="20201001 22:29:23.540" endtime="20201001 22:29:28.764"></status>
</suite>
<statistics>
<total>
<stat pass="1" fail="0">Critical Tests</stat>
<stat pass="1" fail="0">All Tests</stat>
</total>
<tag>
</tag>
<suite>
<stat pass="1" fail="0" id="s1" name="TestFramework">TestFramework</stat>
</suite>
</statistics>
<errors>
</errors>
</robot>
